[debug] [2023-05-13T10:22:31.137Z] ----------------------------------------------------------------------
[debug] [2023-05-13T10:22:31.142Z] Command:       C:\Program Files\nodejs\node.exe C:\Users\akash\AppData\Roaming\npm\node_modules\firebase-tools\lib\bin\firebase.js emulators:start --only functions
[debug] [2023-05-13T10:22:31.142Z] CLI Version:   11.29.1
[debug] [2023-05-13T10:22:31.143Z] Platform:      win32
[debug] [2023-05-13T10:22:31.143Z] Node Version:  v18.15.0
[debug] [2023-05-13T10:22:31.144Z] Time:          Sat May 13 2023 15:52:31 GMT+0530 (India Standard Time)
[debug] [2023-05-13T10:22:31.144Z] ----------------------------------------------------------------------
[debug] 
[debug] [2023-05-13T10:22:31.260Z] > command requires scopes: ["email","openid","https://www.googleapis.com/auth/cloudplatformprojects.readonly","https://www.googleapis.com/auth/firebase","https://www.googleapis.com/auth/cloud-platform"]
[debug] [2023-05-13T10:22:31.260Z] > authorizing via signed-in user (akashydv04@gmail.com)
[info] i  emulators: Starting emulators: functions {"metadata":{"emulator":{"name":"hub"},"message":"Starting emulators: functions"}}
[debug] [2023-05-13T10:22:31.276Z] [logging] Logging Emulator only supports listening on one address (127.0.0.1). Not listening on ::1
[debug] [2023-05-13T10:22:31.277Z] assigned listening specs for emulators {"user":{"hub":[{"address":"127.0.0.1","family":"IPv4","port":4400},{"address":"::1","family":"IPv6","port":4400}],"ui":[{"address":"127.0.0.1","family":"IPv4","port":4000},{"address":"::1","family":"IPv6","port":4000}],"logging":[{"address":"127.0.0.1","family":"IPv4","port":4500}]},"metadata":{"message":"assigned listening specs for emulators"}}
[debug] [2023-05-13T10:22:31.291Z] [hub] writing locator at C:\Users\akash\AppData\Local\Temp\hub-chat-web-app-ebe4e.json
[debug] [2023-05-13T10:22:31.318Z] [functions] Functions Emulator only supports listening on one address (127.0.0.1). Not listening on ::1
[debug] [2023-05-13T10:22:31.318Z] [eventarc] Eventarc Emulator only supports listening on one address (127.0.0.1). Not listening on ::1
[debug] [2023-05-13T10:22:31.319Z] late-assigned ports for functions and eventarc emulators {"user":{"hub":[{"address":"127.0.0.1","family":"IPv4","port":4400},{"address":"::1","family":"IPv6","port":4400}],"ui":[{"address":"127.0.0.1","family":"IPv4","port":4000},{"address":"::1","family":"IPv6","port":4000}],"logging":[{"address":"127.0.0.1","family":"IPv4","port":4500}],"functions":[{"address":"127.0.0.1","family":"IPv4","port":5001}],"eventarc":[{"address":"127.0.0.1","family":"IPv4","port":9299}]},"metadata":{"message":"late-assigned ports for functions and eventarc emulators"}}
[warn] !  functions: The following emulators are not running, calls to these services from the Functions emulator will affect production: auth, firestore, database, hosting, pubsub, storage {"metadata":{"emulator":{"name":"functions"},"message":"The following emulators are not running, calls to these services from the Functions emulator will affect production: \u001b[1mauth, firestore, database, hosting, pubsub, storage\u001b[22m"}}
[debug] [2023-05-13T10:22:31.329Z] defaultcredentials: writing to file C:\Users\akash\AppData\Roaming\firebase\akashydv04_gmail_com_application_default_credentials.json
[debug] [2023-05-13T10:22:31.349Z] Setting GAC to C:\Users\akash\AppData\Roaming\firebase\akashydv04_gmail_com_application_default_credentials.json {"metadata":{"emulator":{"name":"functions"},"message":"Setting GAC to C:\\Users\\akash\\AppData\\Roaming\\firebase\\akashydv04_gmail_com_application_default_credentials.json"}}
[debug] [2023-05-13T10:22:31.355Z] >>> [apiv2][query] GET https://firebase.googleapis.com/v1beta1/projects/chat-web-app-ebe4e/adminSdkConfig [none]
[debug] [2023-05-13T10:22:32.102Z] <<< [apiv2][status] GET https://firebase.googleapis.com/v1beta1/projects/chat-web-app-ebe4e/adminSdkConfig 200
[debug] [2023-05-13T10:22:32.103Z] <<< [apiv2][body] GET https://firebase.googleapis.com/v1beta1/projects/chat-web-app-ebe4e/adminSdkConfig {"projectId":"chat-web-app-ebe4e","databaseURL":"https://chat-web-app-ebe4e-default-rtdb.firebaseio.com","storageBucket":"chat-web-app-ebe4e.appspot.com","locationId":"us-central"}
[info] i  ui: downloading ui-v1.11.5.zip... {"metadata":{"emulator":{"name":"ui"},"message":"downloading ui-v1.11.5.zip..."}}
[debug] [2023-05-13T10:22:32.169Z] >>> [apiv2][query] GET https://storage.googleapis.com/firebase-preview-drop/emulator/ui-v1.11.5.zip 
[debug] [2023-05-13T10:22:32.589Z] <<< [apiv2][status] GET https://storage.googleapis.com/firebase-preview-drop/emulator/ui-v1.11.5.zip 200
[debug] [2023-05-13T10:22:32.590Z] <<< [apiv2][body] GET https://storage.googleapis.com/firebase-preview-drop/emulator/ui-v1.11.5.zip [stream]
[debug] [2023-05-13T10:22:36.359Z] Ignoring unsupported arg: auto_download {"metadata":{"emulator":{"name":"ui"},"message":"Ignoring unsupported arg: auto_download"}}
[debug] [2023-05-13T10:22:36.359Z] Ignoring unsupported arg: port {"metadata":{"emulator":{"name":"ui"},"message":"Ignoring unsupported arg: port"}}
[debug] [2023-05-13T10:22:36.359Z] Starting Emulator UI with command {"binary":"node","args":["C:\\Users\\akash\\.cache\\firebase\\emulators\\ui-v1.11.5\\server\\server.js"],"optionalArgs":[],"joinArgs":false} {"metadata":{"emulator":{"name":"ui"},"message":"Starting Emulator UI with command {\"binary\":\"node\",\"args\":[\"C:\\\\Users\\\\akash\\\\.cache\\\\firebase\\\\emulators\\\\ui-v1.11.5\\\\server\\\\server.js\"],\"optionalArgs\":[],\"joinArgs\":false}"}}
[info] i  ui: Emulator UI logging to ui-debug.log {"metadata":{"emulator":{"name":"ui"},"message":"Emulator UI logging to \u001b[1mui-debug.log\u001b[22m"}}
[debug] [2023-05-13T10:22:36.527Z] Web / API server started at 127.0.0.1:4000
Web / API server started at ::1:4000
 {"metadata":{"emulator":{"name":"ui"},"message":"Web / API server started at 127.0.0.1:4000\nWeb / API server started at ::1:4000\n"}}
[info] i  functions: Watching "D:\React Main Projects\chat-app\functions" for Cloud Functions... {"metadata":{"emulator":{"name":"functions"},"message":"Watching \"D:\\React Main Projects\\chat-app\\functions\" for Cloud Functions..."}}
[debug] [2023-05-13T10:22:36.640Z] Validating nodejs source
[warn] !  functions: Couldn't find firebase-functions package in your source code. Have you run 'npm install'? 
[debug] [2023-05-13T10:22:36.642Z] getFunctionsSDKVersion encountered error:Cannot find module 'firebase-functions'
Require stack:
- C:\Users\akash\AppData\Roaming\npm\node_modules\firebase-tools\lib\deploy\functions\runtimes\node\versioning.js
- C:\Users\akash\AppData\Roaming\npm\node_modules\firebase-tools\lib\deploy\functions\runtimes\node\index.js
- C:\Users\akash\AppData\Roaming\npm\node_modules\firebase-tools\lib\deploy\functions\runtimes\index.js
- C:\Users\akash\AppData\Roaming\npm\node_modules\firebase-tools\lib\gcp\cloudfunctions.js
- C:\Users\akash\AppData\Roaming\npm\node_modules\firebase-tools\lib\deploy\functions\backend.js
- C:\Users\akash\AppData\Roaming\npm\node_modules\firebase-tools\lib\emulator\functionsEmulatorShared.js
- C:\Users\akash\AppData\Roaming\npm\node_modules\firebase-tools\lib\emulator\functionsEmulator.js
- C:\Users\akash\AppData\Roaming\npm\node_modules\firebase-tools\lib\emulator\controller.js
- C:\Users\akash\AppData\Roaming\npm\node_modules\firebase-tools\lib\emulator\commandUtils.js
- C:\Users\akash\AppData\Roaming\npm\node_modules\firebase-tools\lib\commands\database-get.js
- C:\Users\akash\AppData\Roaming\npm\node_modules\firebase-tools\lib\commands\index.js
- C:\Users\akash\AppData\Roaming\npm\node_modules\firebase-tools\lib\index.js
- C:\Users\akash\AppData\Roaming\npm\node_modules\firebase-tools\lib\bin\firebase.js {"code":"MODULE_NOT_FOUND","requireStack":["C:\\Users\\akash\\AppData\\Roaming\\npm\\node_modules\\firebase-tools\\lib\\deploy\\functions\\runtimes\\node\\versioning.js","C:\\Users\\akash\\AppData\\Roaming\\npm\\node_modules\\firebase-tools\\lib\\deploy\\functions\\runtimes\\node\\index.js","C:\\Users\\akash\\AppData\\Roaming\\npm\\node_modules\\firebase-tools\\lib\\deploy\\functions\\runtimes\\index.js","C:\\Users\\akash\\AppData\\Roaming\\npm\\node_modules\\firebase-tools\\lib\\gcp\\cloudfunctions.js","C:\\Users\\akash\\AppData\\Roaming\\npm\\node_modules\\firebase-tools\\lib\\deploy\\functions\\backend.js","C:\\Users\\akash\\AppData\\Roaming\\npm\\node_modules\\firebase-tools\\lib\\emulator\\functionsEmulatorShared.js","C:\\Users\\akash\\AppData\\Roaming\\npm\\node_modules\\firebase-tools\\lib\\emulator\\functionsEmulator.js","C:\\Users\\akash\\AppData\\Roaming\\npm\\node_modules\\firebase-tools\\lib\\emulator\\controller.js","C:\\Users\\akash\\AppData\\Roaming\\npm\\node_modules\\firebase-tools\\lib\\emulator\\commandUtils.js","C:\\Users\\akash\\AppData\\Roaming\\npm\\node_modules\\firebase-tools\\lib\\commands\\database-get.js","C:\\Users\\akash\\AppData\\Roaming\\npm\\node_modules\\firebase-tools\\lib\\commands\\index.js","C:\\Users\\akash\\AppData\\Roaming\\npm\\node_modules\\firebase-tools\\lib\\index.js","C:\\Users\\akash\\AppData\\Roaming\\npm\\node_modules\\firebase-tools\\lib\\bin\\firebase.js"]}
[debug] [2023-05-13T10:22:36.643Z] checkFunctionsSDKVersion encountered error:Invalid Version:  {}
[debug] [2023-05-13T10:22:36.645Z] > [functions] package.json contents: {
  "name": "functions",
  "description": "Cloud Functions for Firebase",
  "scripts": {
    "lint": "eslint .",
    "serve": "firebase emulators:start --only functions",
    "shell": "firebase functions:shell",
    "start": "npm run serve",
    "deploy": "firebase deploy --only functions",
    "logs": "firebase functions:log"
  },
  "engines": {
    "node": "16"
  },
  "main": "index.js",
  "dependencies": {
    "firebase-admin": "^11.5.0",
    "firebase-functions": "^4.2.0"
  },
  "devDependencies": {
    "eslint": "^8.15.0",
    "eslint-config-google": "^0.14.0",
    "firebase-functions-test": "^3.0.0"
  },
  "private": true
}
[debug] [2023-05-13T10:22:36.646Z] Building nodejs source
[debug] [2023-05-13T10:22:36.646Z] Failed to find version of module node: reached end of search path D:\React Main Projects\chat-app\functions\node_modules
[warn] !  functions: Your requested "node" version "16" doesn't match your global version "18". Using node@18 from host. 
[debug] [2023-05-13T10:22:36.648Z] Could not parse firebase-functions version '' into semver. Falling back to parseTriggers.
[error] !!  functions: Failed to load function definition from source: FirebaseError: Error parsing triggers: Cannot find module 'firebase-functions'
Require stack:
- D:\React Main Projects\chat-app\functions\index.js
- C:\Users\akash\AppData\Roaming\npm\node_modules\firebase-tools\lib\deploy\functions\runtimes\node\triggerParser.js

Try running "npm install" in your functions directory before deploying. {"metadata":{"emulator":{"name":"functions"},"message":"Failed to load function definition from source: FirebaseError: Error parsing triggers: Cannot find module 'firebase-functions'\nRequire stack:\n- D:\\React Main Projects\\chat-app\\functions\\index.js\n- C:\\Users\\akash\\AppData\\Roaming\\npm\\node_modules\\firebase-tools\\lib\\deploy\\functions\\runtimes\\node\\triggerParser.js\n\nTry running \"npm install\" in your functions directory before deploying."}}
[info] 
┌─────────────────────────────────────────────────────────────┐
│ ✔  All emulators ready! It is now safe to connect your app. │
│ i  View Emulator UI at http://127.0.0.1:4000/               │
└─────────────────────────────────────────────────────────────┘

┌───────────┬────────────────┬─────────────────────────────────┐
│ Emulator  │ Host:Port      │ View in Emulator UI             │
├───────────┼────────────────┼─────────────────────────────────┤
│ Functions │ 127.0.0.1:5001 │ http://127.0.0.1:4000/functions │
└───────────┴────────────────┴─────────────────────────────────┘
  Emulator Hub running at 127.0.0.1:4400
  Other reserved ports: 4500

Issues? Report them at https://github.com/firebase/firebase-tools/issues and attach the *-debug.log files.
 
[debug] [2023-05-13T10:25:45.603Z] Functions emulator received unknown request at path /
[debug] [2023-05-13T10:25:45.667Z] Functions emulator received unknown request at path /favicon.ico
[debug] [2023-05-13T10:26:03.130Z] Functions emulator received unknown request at path /
[debug] [2023-05-13T10:26:03.189Z] Functions emulator received unknown request at path /favicon.ico
